<?xml version="1.0" encoding="UTF-8"?>
<!-- Generated by org.testng.reporters.JUnitXMLReporter -->
<testsuite hostname="MININT-UM25UFB" ignored="0" name="Dollar Days Test" tests="14" failures="0" timestamp="2020-10-17T14:59:13 EDT" time="160.732" errors="0">
  <testcase name="@BeforeMethod setUpBrowser" time="13.881" classname="com.dollardays.testcases.BaseTest">
    <failure type="java.lang.Exception" message="Driver Not Found">
      <![CDATA[java.lang.Exception: Driver Not Found
at com.dollardays.testcases.BaseTest.openBrowser(BaseTest.java:95)
at com.dollardays.testcases.BaseTest.setUpBrowser(BaseTest.java:117)
at java.util.ArrayList.forEach(ArrayList.java:1259)
... Removed 31 stack frames]]>
    </failure>
  </testcase> <!-- @BeforeMethod setUpBrowser -->
  <testcase name="@AfterMethod quit" time="-1.602961038723E9" classname="com.dollardays.testcases.BaseTest">
    <skipped/>
  </testcase> <!-- @AfterMethod quit -->
  <testcase name="@BeforeMethod setUpBrowser" time="-1.602961038778E9" classname="com.dollardays.testcases.BaseTest">
    <skipped/>
  </testcase> <!-- @BeforeMethod setUpBrowser -->
  <testcase name="@AfterMethod quit" time="-1.602961038789E9" classname="com.dollardays.testcases.BaseTest">
    <skipped/>
  </testcase> <!-- @AfterMethod quit -->
  <testcase name="@BeforeMethod setUpBrowser" time="-1.602961038839E9" classname="com.dollardays.testcases.BaseTest">
    <skipped/>
  </testcase> <!-- @BeforeMethod setUpBrowser -->
  <testcase name="@AfterMethod quit" time="-1.602961038855E9" classname="com.dollardays.testcases.BaseTest">
    <skipped/>
  </testcase> <!-- @AfterMethod quit -->
  <testcase name="@BeforeMethod setUpBrowser" time="-1.6029610389E9" classname="com.dollardays.testcases.BaseTest">
    <skipped/>
  </testcase> <!-- @BeforeMethod setUpBrowser -->
  <testcase name="@AfterMethod quit" time="-1.602961038906E9" classname="com.dollardays.testcases.BaseTest">
    <skipped/>
  </testcase> <!-- @AfterMethod quit -->
  <testcase name="tc_01_SignInPage_ValidUsername_Password" time="6.165" classname="com.dollardays.testcases.Team1LoginTestcase"/>
  <testcase name="tc_02_SignInPageValidUsername_EmptyPassword" time="4.674" classname="com.dollardays.testcases.Team1LoginTestcase"/>
  <testcase name="tc_03_SignInPageEmptyUsername_EmptyPassword" time="0.0" classname="com.dollardays.testcases.Team1LoginTestcase">
    <skipped/>
  </testcase> <!-- tc_03_SignInPageEmptyUsername_EmptyPassword -->
  <testcase name="tc_04_SignInPageInValidEmailAddressFormat" time="0.0" classname="com.dollardays.testcases.Team1LoginTestcase">
    <skipped/>
  </testcase> <!-- tc_04_SignInPageInValidEmailAddressFormat -->
  <testcase name="tc_05_SignInPageValidEmailAddress_InvalidPassword" time="0.0" classname="com.dollardays.testcases.Team1LoginTestcase">
    <skipped/>
  </testcase> <!-- tc_05_SignInPageValidEmailAddress_InvalidPassword -->
  <testcase name="tc_SignInPage_Display_SignIn_Name" time="0.0" classname="com.dollardays.testcases.Team1LoginTestcase">
    <skipped/>
  </testcase> <!-- tc_SignInPage_Display_SignIn_Name -->
  <testcase name="createlogin" time="4.088" classname="com.dollardays.testcases.Team1CreateAccountTestCase"/>
  <testcase name="tc_06_CheckPageTitle" time="0.265" classname="com.dollardays.testcases.Team1HomePageTestcase"/>
  <testcase name="tc_verfiyCartLogo" time="0.051" classname="com.dollardays.testcases.Team1HomePageTestcase"/>
  <testcase name="tc_verfiyDdLogo" time="0.711" classname="com.dollardays.testcases.Team1HomePageTestcase"/>
  <testcase name="tc_verfiySignInList" time="1.128" classname="com.dollardays.testcases.Team1HomePageTestcase"/>
  <testcase name="tc_verfiySignInLogo" time="0.671" classname="com.dollardays.testcases.Team1HomePageTestcase"/>
  <testcase name="tc_verfiyWishList" time="1.996" classname="com.dollardays.testcases.Team1HomePageTestcase"/>
  <testcase name="tc_verfiyWishListLogo" time="0.666" classname="com.dollardays.testcases.Team1HomePageTestcase"/>
</testsuite> <!-- Dollar Days Test -->
