<?xml version="1.0" encoding="UTF-8"?>
<testng-results skipped="4" failed="0" ignored="0" total="14" passed="10">
  <reporter-output>
  </reporter-output>
  <suite name="Suite" duration-ms="160732" started-at="2020-10-17T14:56:32 EDT" finished-at="2020-10-17T14:59:13 EDT">
    <groups>
      <group name="sanity">
        <method signature="Team1HomePageTestcase.tc_verfiySignInList(java.util.Hashtable)[pri:0, instance:com.dollardays.testcases.Team1HomePageTestcase@4d339552]" name="tc_verfiySignInList" class="com.dollardays.testcases.Team1HomePageTestcase"/>
      </group> <!-- sanity -->
    </groups>
    <test name="Dollar Days Test" duration-ms="160732" started-at="2020-10-17T14:56:32 EDT" finished-at="2020-10-17T14:59:13 EDT">
      <class name="com.dollardays.testcases.Team1LoginTestcase">
        <test-method status="PASS" signature="setUpBrowser()[pri:0, instance:com.dollardays.testcases.Team1LoginTestcase@69b794e2]" name="setUpBrowser" is-config="true" duration-ms="9845" started-at="2020-10-17T14:56:32 EDT" finished-at="2020-10-17T14:56:42 EDT">
          <reporter-output>
          </reporter-output>
        </test-method> <!-- setUpBrowser -->
        <test-method status="PASS" signature="tc_01_SignInPage_ValidUsername_Password(java.util.Hashtable)[pri:0, instance:com.dollardays.testcases.Team1LoginTestcase@69b794e2]" name="tc_01_SignInPage_ValidUsername_Password" duration-ms="6165" started-at="2020-10-17T14:56:42 EDT" data-provider="dd-dataprovider" finished-at="2020-10-17T14:56:48 EDT">
          <params>
            <param index="0">
              <value>
                <![CDATA[{TestCase=valid Login data, SignInUser_Name=Testing A., Password=cGFzc3dvcmQxMjM=, Runmode=Yes, SheetName=Sheet1, UserName=srikanthtesting100@gmail.com, TCID=TC1, HomePage Title=}]]>
              </value>
            </param>
          </params>
          <reporter-output>
          </reporter-output>
        </test-method> <!-- tc_01_SignInPage_ValidUsername_Password -->
        <test-method status="PASS" signature="quit()[pri:0, instance:com.dollardays.testcases.Team1LoginTestcase@69b794e2]" name="quit" is-config="true" duration-ms="1859" started-at="2020-10-17T14:56:48 EDT" finished-at="2020-10-17T14:56:50 EDT">
          <reporter-output>
          </reporter-output>
        </test-method> <!-- quit -->
        <test-method status="PASS" signature="setUpBrowser()[pri:0, instance:com.dollardays.testcases.Team1LoginTestcase@69b794e2]" name="setUpBrowser" is-config="true" duration-ms="8396" started-at="2020-10-17T14:56:50 EDT" finished-at="2020-10-17T14:56:59 EDT">
          <reporter-output>
          </reporter-output>
        </test-method> <!-- setUpBrowser -->
        <test-method status="PASS" signature="tc_02_SignInPageValidUsername_EmptyPassword(java.util.Hashtable)[pri:0, instance:com.dollardays.testcases.Team1LoginTestcase@69b794e2]" name="tc_02_SignInPageValidUsername_EmptyPassword" duration-ms="4674" started-at="2020-10-17T14:56:59 EDT" data-provider="dd-dataprovider" finished-at="2020-10-17T14:57:03 EDT">
          <params>
            <param index="0">
              <value>
                <![CDATA[{TestCase=valid email_id and empty password, SignInUser_Name=, Password=, Runmode=Yes, SheetName=Sheet1, UserName=srikanthtesting100@gmail.com, TCID=TC2, HomePage Title=}]]>
              </value>
            </param>
          </params>
          <reporter-output>
          </reporter-output>
        </test-method> <!-- tc_02_SignInPageValidUsername_EmptyPassword -->
        <test-method status="PASS" signature="quit()[pri:0, instance:com.dollardays.testcases.Team1LoginTestcase@69b794e2]" name="quit" is-config="true" duration-ms="866" started-at="2020-10-17T14:57:03 EDT" finished-at="2020-10-17T14:57:04 EDT">
          <reporter-output>
          </reporter-output>
        </test-method> <!-- quit -->
        <test-method status="FAIL" signature="setUpBrowser()[pri:0, instance:com.dollardays.testcases.Team1LoginTestcase@69b794e2]" name="setUpBrowser" is-config="true" duration-ms="13881" started-at="2020-10-17T14:57:04 EDT" finished-at="2020-10-17T14:57:18 EDT">
          <exception class="java.lang.Exception">
            <message>
              <![CDATA[Driver Not Found]]>
            </message>
            <full-stacktrace>
              <![CDATA[java.lang.Exception: Driver Not Found
at com.dollardays.testcases.BaseTest.openBrowser(BaseTest.java:95)
at com.dollardays.testcases.BaseTest.setUpBrowser(BaseTest.java:117)
at sun.reflect.NativeMethodAccessorImpl.invoke0(Native Method)
at sun.reflect.NativeMethodAccessorImpl.invoke(NativeMethodAccessorImpl.java:62)
at sun.reflect.DelegatingMethodAccessorImpl.invoke(DelegatingMethodAccessorImpl.java:43)
at java.lang.reflect.Method.invoke(Method.java:498)
at org.testng.internal.MethodInvocationHelper.invokeMethod(MethodInvocationHelper.java:132)
at org.testng.internal.MethodInvocationHelper.invokeMethodConsideringTimeout(MethodInvocationHelper.java:61)
at org.testng.internal.ConfigInvoker.invokeConfigurationMethod(ConfigInvoker.java:366)
at org.testng.internal.ConfigInvoker.invokeConfigurations(ConfigInvoker.java:320)
at org.testng.internal.TestInvoker.runConfigMethods(TestInvoker.java:701)
at org.testng.internal.TestInvoker.invokeMethod(TestInvoker.java:527)
at org.testng.internal.TestInvoker.invokeTestMethod(TestInvoker.java:174)
at org.testng.internal.MethodRunner.runInSequence(MethodRunner.java:46)
at org.testng.internal.TestInvoker$MethodInvocationAgent.invoke(TestInvoker.java:822)
at org.testng.internal.TestInvoker.invokeTestMethods(TestInvoker.java:147)
at org.testng.internal.TestMethodWorker.invokeTestMethods(TestMethodWorker.java:146)
at org.testng.internal.TestMethodWorker.run(TestMethodWorker.java:128)
at java.util.ArrayList.forEach(ArrayList.java:1259)
at org.testng.TestRunner.privateRun(TestRunner.java:764)
at org.testng.TestRunner.run(TestRunner.java:585)
at org.testng.SuiteRunner.runTest(SuiteRunner.java:384)
at org.testng.SuiteRunner.runSequentially(SuiteRunner.java:378)
at org.testng.SuiteRunner.privateRun(SuiteRunner.java:337)
at org.testng.SuiteRunner.run(SuiteRunner.java:286)
at org.testng.SuiteRunnerWorker.runSuite(SuiteRunnerWorker.java:53)
at org.testng.SuiteRunnerWorker.run(SuiteRunnerWorker.java:96)
at org.testng.TestNG.runSuitesSequentially(TestNG.java:1218)
at org.testng.TestNG.runSuitesLocally(TestNG.java:1140)
at org.testng.TestNG.runSuites(TestNG.java:1069)
at org.testng.TestNG.run(TestNG.java:1037)
at org.testng.remote.AbstractRemoteTestNG.run(AbstractRemoteTestNG.java:115)
at org.testng.remote.RemoteTestNG.initAndRun(RemoteTestNG.java:251)
at org.testng.remote.RemoteTestNG.main(RemoteTestNG.java:77)
]]>
            </full-stacktrace>
          </exception> <!-- java.lang.Exception -->
          <reporter-output>
          </reporter-output>
        </test-method> <!-- setUpBrowser -->
        <test-method status="SKIP" signature="tc_03_SignInPageEmptyUsername_EmptyPassword(java.util.Hashtable)[pri:0, instance:com.dollardays.testcases.Team1LoginTestcase@69b794e2]" name="tc_03_SignInPageEmptyUsername_EmptyPassword" duration-ms="0" started-at="2020-10-17T14:57:18 EDT" data-provider="dd-dataprovider" finished-at="2020-10-17T14:57:18 EDT">
          <params>
            <param index="0">
              <value>
                <![CDATA[{TestCase=empty email_id and empty password, SignInUser_Name=, Password=, Runmode=yes, SheetName=Sheet1, UserName=, TCID=TC3, HomePage Title=}]]>
              </value>
            </param>
          </params>
          <exception class="java.lang.Exception">
            <message>
              <![CDATA[Driver Not Found]]>
            </message>
            <full-stacktrace>
              <![CDATA[java.lang.Exception: Driver Not Found
at com.dollardays.testcases.BaseTest.openBrowser(BaseTest.java:95)
at com.dollardays.testcases.BaseTest.setUpBrowser(BaseTest.java:117)
at sun.reflect.NativeMethodAccessorImpl.invoke0(Native Method)
at sun.reflect.NativeMethodAccessorImpl.invoke(NativeMethodAccessorImpl.java:62)
at sun.reflect.DelegatingMethodAccessorImpl.invoke(DelegatingMethodAccessorImpl.java:43)
at java.lang.reflect.Method.invoke(Method.java:498)
at org.testng.internal.MethodInvocationHelper.invokeMethod(MethodInvocationHelper.java:132)
at org.testng.internal.MethodInvocationHelper.invokeMethodConsideringTimeout(MethodInvocationHelper.java:61)
at org.testng.internal.ConfigInvoker.invokeConfigurationMethod(ConfigInvoker.java:366)
at org.testng.internal.ConfigInvoker.invokeConfigurations(ConfigInvoker.java:320)
at org.testng.internal.TestInvoker.runConfigMethods(TestInvoker.java:701)
at org.testng.internal.TestInvoker.invokeMethod(TestInvoker.java:527)
at org.testng.internal.TestInvoker.invokeTestMethod(TestInvoker.java:174)
at org.testng.internal.MethodRunner.runInSequence(MethodRunner.java:46)
at org.testng.internal.TestInvoker$MethodInvocationAgent.invoke(TestInvoker.java:822)
at org.testng.internal.TestInvoker.invokeTestMethods(TestInvoker.java:147)
at org.testng.internal.TestMethodWorker.invokeTestMethods(TestMethodWorker.java:146)
at org.testng.internal.TestMethodWorker.run(TestMethodWorker.java:128)
at java.util.ArrayList.forEach(ArrayList.java:1259)
at org.testng.TestRunner.privateRun(TestRunner.java:764)
at org.testng.TestRunner.run(TestRunner.java:585)
at org.testng.SuiteRunner.runTest(SuiteRunner.java:384)
at org.testng.SuiteRunner.runSequentially(SuiteRunner.java:378)
at org.testng.SuiteRunner.privateRun(SuiteRunner.java:337)
at org.testng.SuiteRunner.run(SuiteRunner.java:286)
at org.testng.SuiteRunnerWorker.runSuite(SuiteRunnerWorker.java:53)
at org.testng.SuiteRunnerWorker.run(SuiteRunnerWorker.java:96)
at org.testng.TestNG.runSuitesSequentially(TestNG.java:1218)
at org.testng.TestNG.runSuitesLocally(TestNG.java:1140)
at org.testng.TestNG.runSuites(TestNG.java:1069)
at org.testng.TestNG.run(TestNG.java:1037)
at org.testng.remote.AbstractRemoteTestNG.run(AbstractRemoteTestNG.java:115)
at org.testng.remote.RemoteTestNG.initAndRun(RemoteTestNG.java:251)
at org.testng.remote.RemoteTestNG.main(RemoteTestNG.java:77)
]]>
            </full-stacktrace>
          </exception> <!-- java.lang.Exception -->
          <reporter-output>
          </reporter-output>
        </test-method> <!-- tc_03_SignInPageEmptyUsername_EmptyPassword -->
        <test-method status="SKIP" signature="quit()[pri:0, instance:com.dollardays.testcases.Team1LoginTestcase@69b794e2]" name="quit" is-config="true" duration-ms="-1602961038723" started-at="2020-10-17T14:57:18 EDT" finished-at="1969-12-31T19:00:00 EST">
          <reporter-output>
          </reporter-output>
        </test-method> <!-- quit -->
        <test-method status="SKIP" signature="setUpBrowser()[pri:0, instance:com.dollardays.testcases.Team1LoginTestcase@69b794e2]" name="setUpBrowser" is-config="true" duration-ms="-1602961038778" started-at="2020-10-17T14:57:18 EDT" finished-at="1969-12-31T19:00:00 EST">
          <reporter-output>
          </reporter-output>
        </test-method> <!-- setUpBrowser -->
        <test-method status="SKIP" signature="tc_04_SignInPageInValidEmailAddressFormat(java.util.Hashtable)[pri:0, instance:com.dollardays.testcases.Team1LoginTestcase@69b794e2]" name="tc_04_SignInPageInValidEmailAddressFormat" duration-ms="0" started-at="2020-10-17T14:57:18 EDT" data-provider="dd-dataprovider" finished-at="2020-10-17T14:57:18 EDT">
          <params>
            <param index="0">
              <value>
                <![CDATA[{TestCase=invalid Email address format, SignInUser_Name=, Password=cGFzc3dvcmQxMjM=, Runmode=yes, SheetName=Sheet1, UserName=srikanthtesting100gmail.com, TCID=TC4, HomePage Title=}]]>
              </value>
            </param>
          </params>
          <exception class="java.lang.Exception">
            <message>
              <![CDATA[Driver Not Found]]>
            </message>
            <full-stacktrace>
              <![CDATA[java.lang.Exception: Driver Not Found
at com.dollardays.testcases.BaseTest.openBrowser(BaseTest.java:95)
at com.dollardays.testcases.BaseTest.setUpBrowser(BaseTest.java:117)
at sun.reflect.NativeMethodAccessorImpl.invoke0(Native Method)
at sun.reflect.NativeMethodAccessorImpl.invoke(NativeMethodAccessorImpl.java:62)
at sun.reflect.DelegatingMethodAccessorImpl.invoke(DelegatingMethodAccessorImpl.java:43)
at java.lang.reflect.Method.invoke(Method.java:498)
at org.testng.internal.MethodInvocationHelper.invokeMethod(MethodInvocationHelper.java:132)
at org.testng.internal.MethodInvocationHelper.invokeMethodConsideringTimeout(MethodInvocationHelper.java:61)
at org.testng.internal.ConfigInvoker.invokeConfigurationMethod(ConfigInvoker.java:366)
at org.testng.internal.ConfigInvoker.invokeConfigurations(ConfigInvoker.java:320)
at org.testng.internal.TestInvoker.runConfigMethods(TestInvoker.java:701)
at org.testng.internal.TestInvoker.invokeMethod(TestInvoker.java:527)
at org.testng.internal.TestInvoker.invokeTestMethod(TestInvoker.java:174)
at org.testng.internal.MethodRunner.runInSequence(MethodRunner.java:46)
at org.testng.internal.TestInvoker$MethodInvocationAgent.invoke(TestInvoker.java:822)
at org.testng.internal.TestInvoker.invokeTestMethods(TestInvoker.java:147)
at org.testng.internal.TestMethodWorker.invokeTestMethods(TestMethodWorker.java:146)
at org.testng.internal.TestMethodWorker.run(TestMethodWorker.java:128)
at java.util.ArrayList.forEach(ArrayList.java:1259)
at org.testng.TestRunner.privateRun(TestRunner.java:764)
at org.testng.TestRunner.run(TestRunner.java:585)
at org.testng.SuiteRunner.runTest(SuiteRunner.java:384)
at org.testng.SuiteRunner.runSequentially(SuiteRunner.java:378)
at org.testng.SuiteRunner.privateRun(SuiteRunner.java:337)
at org.testng.SuiteRunner.run(SuiteRunner.java:286)
at org.testng.SuiteRunnerWorker.runSuite(SuiteRunnerWorker.java:53)
at org.testng.SuiteRunnerWorker.run(SuiteRunnerWorker.java:96)
at org.testng.TestNG.runSuitesSequentially(TestNG.java:1218)
at org.testng.TestNG.runSuitesLocally(TestNG.java:1140)
at org.testng.TestNG.runSuites(TestNG.java:1069)
at org.testng.TestNG.run(TestNG.java:1037)
at org.testng.remote.AbstractRemoteTestNG.run(AbstractRemoteTestNG.java:115)
at org.testng.remote.RemoteTestNG.initAndRun(RemoteTestNG.java:251)
at org.testng.remote.RemoteTestNG.main(RemoteTestNG.java:77)
]]>
            </full-stacktrace>
          </exception> <!-- java.lang.Exception -->
          <reporter-output>
          </reporter-output>
        </test-method> <!-- tc_04_SignInPageInValidEmailAddressFormat -->
        <test-method status="SKIP" signature="quit()[pri:0, instance:com.dollardays.testcases.Team1LoginTestcase@69b794e2]" name="quit" is-config="true" duration-ms="-1602961038789" started-at="2020-10-17T14:57:18 EDT" finished-at="1969-12-31T19:00:00 EST">
          <reporter-output>
          </reporter-output>
        </test-method> <!-- quit -->
        <test-method status="SKIP" signature="setUpBrowser()[pri:0, instance:com.dollardays.testcases.Team1LoginTestcase@69b794e2]" name="setUpBrowser" is-config="true" duration-ms="-1602961038839" started-at="2020-10-17T14:57:18 EDT" finished-at="1969-12-31T19:00:00 EST">
          <reporter-output>
          </reporter-output>
        </test-method> <!-- setUpBrowser -->
        <test-method status="SKIP" signature="tc_05_SignInPageValidEmailAddress_InvalidPassword(java.util.Hashtable)[pri:0, instance:com.dollardays.testcases.Team1LoginTestcase@69b794e2]" name="tc_05_SignInPageValidEmailAddress_InvalidPassword" duration-ms="0" started-at="2020-10-17T14:57:18 EDT" data-provider="dd-dataprovider" finished-at="2020-10-17T14:57:18 EDT">
          <params>
            <param index="0">
              <value>
                <![CDATA[{TestCase=valid email address and invalid password, SignInUser_Name=, Password=cGFzc3dvcmQxMjM0NQ==, Runmode=yes, SheetName=Sheet1, UserName=srikanthtesting100@gmail.com, TCID=TC5, HomePage Title=}]]>
              </value>
            </param>
          </params>
          <exception class="java.lang.Exception">
            <message>
              <![CDATA[Driver Not Found]]>
            </message>
            <full-stacktrace>
              <![CDATA[java.lang.Exception: Driver Not Found
at com.dollardays.testcases.BaseTest.openBrowser(BaseTest.java:95)
at com.dollardays.testcases.BaseTest.setUpBrowser(BaseTest.java:117)
at sun.reflect.NativeMethodAccessorImpl.invoke0(Native Method)
at sun.reflect.NativeMethodAccessorImpl.invoke(NativeMethodAccessorImpl.java:62)
at sun.reflect.DelegatingMethodAccessorImpl.invoke(DelegatingMethodAccessorImpl.java:43)
at java.lang.reflect.Method.invoke(Method.java:498)
at org.testng.internal.MethodInvocationHelper.invokeMethod(MethodInvocationHelper.java:132)
at org.testng.internal.MethodInvocationHelper.invokeMethodConsideringTimeout(MethodInvocationHelper.java:61)
at org.testng.internal.ConfigInvoker.invokeConfigurationMethod(ConfigInvoker.java:366)
at org.testng.internal.ConfigInvoker.invokeConfigurations(ConfigInvoker.java:320)
at org.testng.internal.TestInvoker.runConfigMethods(TestInvoker.java:701)
at org.testng.internal.TestInvoker.invokeMethod(TestInvoker.java:527)
at org.testng.internal.TestInvoker.invokeTestMethod(TestInvoker.java:174)
at org.testng.internal.MethodRunner.runInSequence(MethodRunner.java:46)
at org.testng.internal.TestInvoker$MethodInvocationAgent.invoke(TestInvoker.java:822)
at org.testng.internal.TestInvoker.invokeTestMethods(TestInvoker.java:147)
at org.testng.internal.TestMethodWorker.invokeTestMethods(TestMethodWorker.java:146)
at org.testng.internal.TestMethodWorker.run(TestMethodWorker.java:128)
at java.util.ArrayList.forEach(ArrayList.java:1259)
at org.testng.TestRunner.privateRun(TestRunner.java:764)
at org.testng.TestRunner.run(TestRunner.java:585)
at org.testng.SuiteRunner.runTest(SuiteRunner.java:384)
at org.testng.SuiteRunner.runSequentially(SuiteRunner.java:378)
at org.testng.SuiteRunner.privateRun(SuiteRunner.java:337)
at org.testng.SuiteRunner.run(SuiteRunner.java:286)
at org.testng.SuiteRunnerWorker.runSuite(SuiteRunnerWorker.java:53)
at org.testng.SuiteRunnerWorker.run(SuiteRunnerWorker.java:96)
at org.testng.TestNG.runSuitesSequentially(TestNG.java:1218)
at org.testng.TestNG.runSuitesLocally(TestNG.java:1140)
at org.testng.TestNG.runSuites(TestNG.java:1069)
at org.testng.TestNG.run(TestNG.java:1037)
at org.testng.remote.AbstractRemoteTestNG.run(AbstractRemoteTestNG.java:115)
at org.testng.remote.RemoteTestNG.initAndRun(RemoteTestNG.java:251)
at org.testng.remote.RemoteTestNG.main(RemoteTestNG.java:77)
]]>
            </full-stacktrace>
          </exception> <!-- java.lang.Exception -->
          <reporter-output>
          </reporter-output>
        </test-method> <!-- tc_05_SignInPageValidEmailAddress_InvalidPassword -->
        <test-method status="SKIP" signature="quit()[pri:0, instance:com.dollardays.testcases.Team1LoginTestcase@69b794e2]" name="quit" is-config="true" duration-ms="-1602961038855" started-at="2020-10-17T14:57:18 EDT" finished-at="1969-12-31T19:00:00 EST">
          <reporter-output>
          </reporter-output>
        </test-method> <!-- quit -->
        <test-method status="SKIP" signature="setUpBrowser()[pri:0, instance:com.dollardays.testcases.Team1LoginTestcase@69b794e2]" name="setUpBrowser" is-config="true" duration-ms="-1602961038900" started-at="2020-10-17T14:57:18 EDT" finished-at="1969-12-31T19:00:00 EST">
          <reporter-output>
          </reporter-output>
        </test-method> <!-- setUpBrowser -->
        <test-method status="SKIP" signature="tc_SignInPage_Display_SignIn_Name(java.util.Hashtable)[pri:0, instance:com.dollardays.testcases.Team1LoginTestcase@69b794e2]" name="tc_SignInPage_Display_SignIn_Name" duration-ms="0" started-at="2020-10-17T14:57:18 EDT" data-provider="dd-dataprovider" finished-at="2020-10-17T14:57:18 EDT">
          <params>
            <param index="0">
              <value>
                <![CDATA[{TestCase=valid Login data, SignInUser_Name=Testing A., Password=cGFzc3dvcmQxMjM=, Runmode=Yes, SheetName=Sheet1, UserName=srikanthtesting100@gmail.com, TCID=TC1, HomePage Title=}]]>
              </value>
            </param>
          </params>
          <exception class="java.lang.Exception">
            <message>
              <![CDATA[Driver Not Found]]>
            </message>
            <full-stacktrace>
              <![CDATA[java.lang.Exception: Driver Not Found
at com.dollardays.testcases.BaseTest.openBrowser(BaseTest.java:95)
at com.dollardays.testcases.BaseTest.setUpBrowser(BaseTest.java:117)
at sun.reflect.NativeMethodAccessorImpl.invoke0(Native Method)
at sun.reflect.NativeMethodAccessorImpl.invoke(NativeMethodAccessorImpl.java:62)
at sun.reflect.DelegatingMethodAccessorImpl.invoke(DelegatingMethodAccessorImpl.java:43)
at java.lang.reflect.Method.invoke(Method.java:498)
at org.testng.internal.MethodInvocationHelper.invokeMethod(MethodInvocationHelper.java:132)
at org.testng.internal.MethodInvocationHelper.invokeMethodConsideringTimeout(MethodInvocationHelper.java:61)
at org.testng.internal.ConfigInvoker.invokeConfigurationMethod(ConfigInvoker.java:366)
at org.testng.internal.ConfigInvoker.invokeConfigurations(ConfigInvoker.java:320)
at org.testng.internal.TestInvoker.runConfigMethods(TestInvoker.java:701)
at org.testng.internal.TestInvoker.invokeMethod(TestInvoker.java:527)
at org.testng.internal.TestInvoker.invokeTestMethod(TestInvoker.java:174)
at org.testng.internal.MethodRunner.runInSequence(MethodRunner.java:46)
at org.testng.internal.TestInvoker$MethodInvocationAgent.invoke(TestInvoker.java:822)
at org.testng.internal.TestInvoker.invokeTestMethods(TestInvoker.java:147)
at org.testng.internal.TestMethodWorker.invokeTestMethods(TestMethodWorker.java:146)
at org.testng.internal.TestMethodWorker.run(TestMethodWorker.java:128)
at java.util.ArrayList.forEach(ArrayList.java:1259)
at org.testng.TestRunner.privateRun(TestRunner.java:764)
at org.testng.TestRunner.run(TestRunner.java:585)
at org.testng.SuiteRunner.runTest(SuiteRunner.java:384)
at org.testng.SuiteRunner.runSequentially(SuiteRunner.java:378)
at org.testng.SuiteRunner.privateRun(SuiteRunner.java:337)
at org.testng.SuiteRunner.run(SuiteRunner.java:286)
at org.testng.SuiteRunnerWorker.runSuite(SuiteRunnerWorker.java:53)
at org.testng.SuiteRunnerWorker.run(SuiteRunnerWorker.java:96)
at org.testng.TestNG.runSuitesSequentially(TestNG.java:1218)
at org.testng.TestNG.runSuitesLocally(TestNG.java:1140)
at org.testng.TestNG.runSuites(TestNG.java:1069)
at org.testng.TestNG.run(TestNG.java:1037)
at org.testng.remote.AbstractRemoteTestNG.run(AbstractRemoteTestNG.java:115)
at org.testng.remote.RemoteTestNG.initAndRun(RemoteTestNG.java:251)
at org.testng.remote.RemoteTestNG.main(RemoteTestNG.java:77)
]]>
            </full-stacktrace>
          </exception> <!-- java.lang.Exception -->
          <reporter-output>
          </reporter-output>
        </test-method> <!-- tc_SignInPage_Display_SignIn_Name -->
        <test-method status="SKIP" signature="quit()[pri:0, instance:com.dollardays.testcases.Team1LoginTestcase@69b794e2]" name="quit" is-config="true" duration-ms="-1602961038906" started-at="2020-10-17T14:57:18 EDT" finished-at="1969-12-31T19:00:00 EST">
          <reporter-output>
          </reporter-output>
        </test-method> <!-- quit -->
      </class> <!-- com.dollardays.testcases.Team1LoginTestcase -->
      <class name="com.dollardays.testcases.Team1HomePageTestcase">
        <test-method status="PASS" signature="setUpBrowser()[pri:0, instance:com.dollardays.testcases.Team1HomePageTestcase@4d339552]" name="setUpBrowser" is-config="true" duration-ms="8451" started-at="2020-10-17T14:57:32 EDT" finished-at="2020-10-17T14:57:41 EDT">
          <reporter-output>
          </reporter-output>
        </test-method> <!-- setUpBrowser -->
        <test-method status="PASS" signature="tc_06_CheckPageTitle(java.util.Hashtable)[pri:0, instance:com.dollardays.testcases.Team1HomePageTestcase@4d339552]" name="tc_06_CheckPageTitle" duration-ms="265" started-at="2020-10-17T14:57:41 EDT" data-provider="dd-dataprovider" finished-at="2020-10-17T14:57:41 EDT">
          <params>
            <param index="0">
              <value>
                <![CDATA[{TestCase=verify home page title, SignInList=, SheetName=Sheet2, HomePageTitle=DollarDays | Bulk Goods for Nonprofits, Businesses & Schools | Wholesale Products, TCID=TC6, WishList=}]]>
              </value>
            </param>
          </params>
          <reporter-output>
          </reporter-output>
        </test-method> <!-- tc_06_CheckPageTitle -->
        <test-method status="PASS" signature="quit()[pri:0, instance:com.dollardays.testcases.Team1HomePageTestcase@4d339552]" name="quit" is-config="true" duration-ms="931" started-at="2020-10-17T14:57:41 EDT" finished-at="2020-10-17T14:57:42 EDT">
          <reporter-output>
          </reporter-output>
        </test-method> <!-- quit -->
        <test-method status="PASS" signature="setUpBrowser()[pri:0, instance:com.dollardays.testcases.Team1HomePageTestcase@4d339552]" name="setUpBrowser" is-config="true" duration-ms="8629" started-at="2020-10-17T14:57:42 EDT" finished-at="2020-10-17T14:57:50 EDT">
          <reporter-output>
          </reporter-output>
        </test-method> <!-- setUpBrowser -->
        <test-method status="PASS" signature="tc_verfiyCartLogo()[pri:0, instance:com.dollardays.testcases.Team1HomePageTestcase@4d339552]" name="tc_verfiyCartLogo" duration-ms="51" started-at="2020-10-17T14:57:50 EDT" finished-at="2020-10-17T14:57:51 EDT">
          <reporter-output>
          </reporter-output>
        </test-method> <!-- tc_verfiyCartLogo -->
        <test-method status="PASS" signature="quit()[pri:0, instance:com.dollardays.testcases.Team1HomePageTestcase@4d339552]" name="quit" is-config="true" duration-ms="1117" started-at="2020-10-17T14:57:51 EDT" finished-at="2020-10-17T14:57:52 EDT">
          <reporter-output>
          </reporter-output>
        </test-method> <!-- quit -->
        <test-method status="PASS" signature="setUpBrowser()[pri:0, instance:com.dollardays.testcases.Team1HomePageTestcase@4d339552]" name="setUpBrowser" is-config="true" duration-ms="9145" started-at="2020-10-17T14:57:52 EDT" finished-at="2020-10-17T14:58:01 EDT">
          <reporter-output>
          </reporter-output>
        </test-method> <!-- setUpBrowser -->
        <test-method status="PASS" signature="tc_verfiyDdLogo()[pri:0, instance:com.dollardays.testcases.Team1HomePageTestcase@4d339552]" name="tc_verfiyDdLogo" duration-ms="711" started-at="2020-10-17T14:58:01 EDT" finished-at="2020-10-17T14:58:01 EDT">
          <reporter-output>
          </reporter-output>
        </test-method> <!-- tc_verfiyDdLogo -->
        <test-method status="PASS" signature="quit()[pri:0, instance:com.dollardays.testcases.Team1HomePageTestcase@4d339552]" name="quit" is-config="true" duration-ms="1602" started-at="2020-10-17T14:58:01 EDT" finished-at="2020-10-17T14:58:03 EDT">
          <reporter-output>
          </reporter-output>
        </test-method> <!-- quit -->
        <test-method status="PASS" signature="setUpBrowser()[pri:0, instance:com.dollardays.testcases.Team1HomePageTestcase@4d339552]" name="setUpBrowser" is-config="true" duration-ms="10844" started-at="2020-10-17T14:58:03 EDT" finished-at="2020-10-17T14:58:14 EDT">
          <reporter-output>
          </reporter-output>
        </test-method> <!-- setUpBrowser -->
        <test-method status="PASS" signature="tc_verfiySignInList(java.util.Hashtable)[pri:0, instance:com.dollardays.testcases.Team1HomePageTestcase@4d339552]" name="tc_verfiySignInList" duration-ms="1128" started-at="2020-10-17T14:58:14 EDT" data-provider="dd-dataprovider" finished-at="2020-10-17T14:58:15 EDT">
          <params>
            <param index="0">
              <value>
                <![CDATA[{TestCase=verfiy signin list on homepage, SignInList=Welcome!,Sign In,Create account,Help, SheetName=Sheet2, HomePageTitle=, TCID=TC11, WishList=}]]>
              </value>
            </param>
          </params>
          <reporter-output>
          </reporter-output>
        </test-method> <!-- tc_verfiySignInList -->
        <test-method status="PASS" signature="quit()[pri:0, instance:com.dollardays.testcases.Team1HomePageTestcase@4d339552]" name="quit" is-config="true" duration-ms="1661" started-at="2020-10-17T14:58:15 EDT" finished-at="2020-10-17T14:58:17 EDT">
          <reporter-output>
          </reporter-output>
        </test-method> <!-- quit -->
        <test-method status="PASS" signature="setUpBrowser()[pri:0, instance:com.dollardays.testcases.Team1HomePageTestcase@4d339552]" name="setUpBrowser" is-config="true" duration-ms="12036" started-at="2020-10-17T14:58:17 EDT" finished-at="2020-10-17T14:58:29 EDT">
          <reporter-output>
          </reporter-output>
        </test-method> <!-- setUpBrowser -->
        <test-method status="PASS" signature="tc_verfiySignInLogo()[pri:0, instance:com.dollardays.testcases.Team1HomePageTestcase@4d339552]" name="tc_verfiySignInLogo" duration-ms="671" started-at="2020-10-17T14:58:29 EDT" finished-at="2020-10-17T14:58:29 EDT">
          <reporter-output>
          </reporter-output>
        </test-method> <!-- tc_verfiySignInLogo -->
        <test-method status="PASS" signature="quit()[pri:0, instance:com.dollardays.testcases.Team1HomePageTestcase@4d339552]" name="quit" is-config="true" duration-ms="2826" started-at="2020-10-17T14:58:30 EDT" finished-at="2020-10-17T14:58:32 EDT">
          <reporter-output>
          </reporter-output>
        </test-method> <!-- quit -->
        <test-method status="PASS" signature="setUpBrowser()[pri:0, instance:com.dollardays.testcases.Team1HomePageTestcase@4d339552]" name="setUpBrowser" is-config="true" duration-ms="14407" started-at="2020-10-17T14:58:32 EDT" finished-at="2020-10-17T14:58:47 EDT">
          <reporter-output>
          </reporter-output>
        </test-method> <!-- setUpBrowser -->
        <test-method status="PASS" signature="tc_verfiyWishList(java.util.Hashtable)[pri:0, instance:com.dollardays.testcases.Team1HomePageTestcase@4d339552]" name="tc_verfiyWishList" duration-ms="1996" started-at="2020-10-17T14:58:47 EDT" data-provider="dd-dataprovider" finished-at="2020-10-17T14:58:49 EDT">
          <params>
            <param index="0">
              <value>
                <![CDATA[{TestCase=vefify wish list on homepage, SignInList=, SheetName=Sheet2, HomePageTitle=, TCID=TC12, WishList=Wishlist,Learn More,Create a Wishlist,Donate Today}]]>
              </value>
            </param>
          </params>
          <reporter-output>
          </reporter-output>
        </test-method> <!-- tc_verfiyWishList -->
        <test-method status="PASS" signature="quit()[pri:0, instance:com.dollardays.testcases.Team1HomePageTestcase@4d339552]" name="quit" is-config="true" duration-ms="2555" started-at="2020-10-17T14:58:49 EDT" finished-at="2020-10-17T14:58:51 EDT">
          <reporter-output>
          </reporter-output>
        </test-method> <!-- quit -->
        <test-method status="PASS" signature="setUpBrowser()[pri:0, instance:com.dollardays.testcases.Team1HomePageTestcase@4d339552]" name="setUpBrowser" is-config="true" duration-ms="16676" started-at="2020-10-17T14:58:51 EDT" finished-at="2020-10-17T14:59:08 EDT">
          <reporter-output>
          </reporter-output>
        </test-method> <!-- setUpBrowser -->
        <test-method status="PASS" signature="tc_verfiyWishListLogo()[pri:0, instance:com.dollardays.testcases.Team1HomePageTestcase@4d339552]" name="tc_verfiyWishListLogo" duration-ms="666" started-at="2020-10-17T14:59:08 EDT" finished-at="2020-10-17T14:59:09 EDT">
          <reporter-output>
          </reporter-output>
        </test-method> <!-- tc_verfiyWishListLogo -->
        <test-method status="PASS" signature="quit()[pri:0, instance:com.dollardays.testcases.Team1HomePageTestcase@4d339552]" name="quit" is-config="true" duration-ms="3808" started-at="2020-10-17T14:59:09 EDT" finished-at="2020-10-17T14:59:13 EDT">
          <reporter-output>
          </reporter-output>
        </test-method> <!-- quit -->
      </class> <!-- com.dollardays.testcases.Team1HomePageTestcase -->
      <class name="com.dollardays.testcases.Team1CreateAccountTestCase">
        <test-method status="PASS" signature="setUpBrowser()[pri:0, instance:com.dollardays.testcases.Team1CreateAccountTestCase@3f200884]" name="setUpBrowser" is-config="true" duration-ms="8845" started-at="2020-10-17T14:57:18 EDT" finished-at="2020-10-17T14:57:27 EDT">
          <reporter-output>
          </reporter-output>
        </test-method> <!-- setUpBrowser -->
        <test-method status="PASS" signature="createlogin(java.util.Hashtable)[pri:0, instance:com.dollardays.testcases.Team1CreateAccountTestCase@3f200884]" name="createlogin" duration-ms="4088" started-at="2020-10-17T14:57:27 EDT" data-provider="dd-dataprovider" finished-at="2020-10-17T14:57:31 EDT">
          <params>
            <param index="0">
              <value>
                <![CDATA[{ConfPassword=shilpa123, TestCase= Create Account, TCID=TC1, SheetName=Sheet3, Runmode=yes, Email=shilpa.neeraj@gmail.com, Lname=Mishra, Password=shilpa123, Phno=9.8065654354E10, Fname=Shilpa}]]>
              </value>
            </param>
          </params>
          <reporter-output>
          </reporter-output>
        </test-method> <!-- createlogin -->
        <test-method status="PASS" signature="quit()[pri:0, instance:com.dollardays.testcases.Team1CreateAccountTestCase@3f200884]" name="quit" is-config="true" duration-ms="767" started-at="2020-10-17T14:57:31 EDT" finished-at="2020-10-17T14:57:32 EDT">
          <reporter-output>
          </reporter-output>
        </test-method> <!-- quit -->
      </class> <!-- com.dollardays.testcases.Team1CreateAccountTestCase -->
    </test> <!-- Dollar Days Test -->
  </suite> <!-- Suite -->
</testng-results>
